<?xml version="1.0" encoding="UTF-8"?>
<!-- Generated by org.testng.reporters.JUnitXMLReporter -->
<testsuite ignored="0" hostname="DESKTOP-IBFEQR9" failures="0" tests="4" name="Default test" time="8.151" errors="0" timestamp="2023-11-04T19:41:52 EAT">
  <testcase classname="test.UserTests" name="testPostUser" time="3.606"/>
  <testcase classname="test.UserTests" name="testGetUserByName" time="1.091"/>
  <testcase classname="test.UserTests" name="updateUserByName" time="2.098"/>
  <testcase classname="test.UserTests" name="deleteUserByName" time="1.058"/>
</testsuite> <!-- Default test -->
