<?xml version="1.0" encoding="UTF-8"?>
<testng-results ignored="0" total="4" passed="4" failed="0" skipped="0">
  <reporter-output>
  </reporter-output>
  <suite started-at="2023-11-04T19:57:52 EAT" name="PetSuite" finished-at="2023-11-04T19:58:01 EAT" duration-ms="8275">
    <groups>
    </groups>
    <test started-at="2023-11-04T19:57:52 EAT" name="PetTest" finished-at="2023-11-04T19:58:01 EAT" duration-ms="8275">
      <class name="test.UserTests">
        <test-method is-config="true" signature="setupData()[pri:0, instance:test.UserTests@55182842]" started-at="2023-11-04T19:57:53 EAT" name="setupData" finished-at="2023-11-04T19:57:53 EAT" duration-ms="229" status="PASS">
          <reporter-output>
          </reporter-output>
        </test-method> <!-- setupData -->
        <test-method signature="testPostUser()[pri:1, instance:test.UserTests@55182842]" started-at="2023-11-04T19:57:53 EAT" name="testPostUser" finished-at="2023-11-04T19:57:56 EAT" duration-ms="3401" status="PASS">
          <reporter-output>
          </reporter-output>
        </test-method> <!-- testPostUser -->
        <test-method signature="testGetUserByName()[pri:2, instance:test.UserTests@55182842]" started-at="2023-11-04T19:57:56 EAT" name="testGetUserByName" finished-at="2023-11-04T19:57:57 EAT" duration-ms="1091" status="PASS">
          <reporter-output>
          </reporter-output>
        </test-method> <!-- testGetUserByName -->
        <test-method signature="updateUserByName()[pri:3, instance:test.UserTests@55182842]" started-at="2023-11-04T19:57:57 EAT" name="updateUserByName" finished-at="2023-11-04T19:58:00 EAT" duration-ms="2144" status="PASS">
          <reporter-output>
          </reporter-output>
        </test-method> <!-- updateUserByName -->
        <test-method signature="deleteUserByName()[pri:4, instance:test.UserTests@55182842]" started-at="2023-11-04T19:58:00 EAT" name="deleteUserByName" finished-at="2023-11-04T19:58:01 EAT" duration-ms="1052" status="PASS">
          <reporter-output>
          </reporter-output>
        </test-method> <!-- deleteUserByName -->
      </class> <!-- test.UserTests -->
    </test> <!-- PetTest -->
  </suite> <!-- PetSuite -->
</testng-results>
