<?xml version="1.0" encoding="UTF-8"?>
<!-- Generated by org.testng.reporters.JUnitXMLReporter -->
<testsuite ignored="0" hostname="DESKTOP-IBFEQR9" failures="0" tests="4" name="PetTest" time="8.275" errors="0" timestamp="2023-11-04T19:58:01 EAT">
  <testcase classname="test.UserTests" name="testPostUser" time="3.401"/>
  <testcase classname="test.UserTests" name="testGetUserByName" time="1.091"/>
  <testcase classname="test.UserTests" name="updateUserByName" time="2.144"/>
  <testcase classname="test.UserTests" name="deleteUserByName" time="1.052"/>
</testsuite> <!-- PetTest -->
